23:15:25 **** Incremental Build of configuration Nios II for project processor_v2 ****
make all 
Info: Building ../processor_v2_bsp/
C:/intelFPGA_lite/18.0/nios2eds/bin/gnu/H-x86_64-mingw32/bin/make --no-print-directory -C ../processor_v2_bsp/
[BSP build complete]
Info: Compiling graphic_top.c to obj/default/graphic_top.o
nios2-elf-gcc -xc -MP -MMD -c -I../processor_v2_bsp//HAL/inc -I../processor_v2_bsp/ -I../processor_v2_bsp//drivers/inc  -pipe -D__hal__ -DALT_NO_INSTRUCTION_EMULATION -DALT_SINGLE_THREADED    -O0 -g -Wall   -mno-hw-div -mno-hw-mul -mno-hw-mulx -mgpopt=global  -o obj/default/graphic_top.o graphic_top.c
graphic_top.c: In function 'main':
graphic_top.c:27:16: warning: unused variable 'data' [-Wunused-variable]
  unsigned char data;  // temporary storage of byte to be sent to display
                ^
Info: Linking processor_v2.elf
nios2-elf-g++  -T'../processor_v2_bsp//linker.x' -msys-crt0='../processor_v2_bsp//obj/HAL/src/crt0.o' -msys-lib=hal_bsp -L../processor_v2_bsp/   -Wl,-Map=processor_v2.map   -O0 -g -Wall   -mno-hw-div -mno-hw-mul -mno-hw-mulx -mgpopt=global  -o processor_v2.elf obj/default/graphic_top.o -lm -msys-lib=m
c:/intelfpga_lite/18.0/nios2eds/bin/gnu/h-x86_64-mingw32/bin/../lib/gcc/nios2-elf/5.3.0/../../../../../H-x86_64-mingw32/nios2-elf/bin/ld.exe: address 0x20670 of processor_v2.elf section `.rwdata' is not within region `memory'
c:/intelfpga_lite/18.0/nios2eds/bin/gnu/h-x86_64-mingw32/bin/../lib/gcc/nios2-elf/5.3.0/../../../../../H-x86_64-mingw32/nios2-elf/bin/ld.exe: address 0x2de1c of processor_v2.elf section `.bss' is not within region `memory'
c:/intelfpga_lite/18.0/nios2eds/bin/gnu/h-x86_64-mingw32/bin/../lib/gcc/nios2-elf/5.3.0/../../../../../H-x86_64-mingw32/nios2-elf/bin/ld.exe: address 0x20670 of processor_v2.elf section `.rwdata' is not within region `memory'
c:/intelfpga_lite/18.0/nios2eds/bin/gnu/h-x86_64-mingw32/bin/../lib/gcc/nios2-elf/5.3.0/../../../../../H-x86_64-mingw32/nios2-elf/bin/ld.exe: address 0x2de1c of processor_v2.elf section `.bss' is not within region `memory'
collect2.exe: error: ld returned 1 exit status
make: *** [processor_v2.elf] Error 1

23:15:27 Build Finished (took 1s.394ms)

